2025-01-30 19:20:32,511 : WARN  : Worker-2: Downloading statistics for node recommendations. :  : NodeRecommendationUpdater :  :  : Could not update node recommendations statistics.
java.io.IOException: Downloaded file doesn't contain node recommendation data.
	at org.knime.workbench.workflowcoach.data.AbstractFileDownloadTripleProvider.checkDownloadedFile(AbstractFileDownloadTripleProvider.java:183)
	at org.knime.workbench.workflowcoach.data.AbstractFileDownloadTripleProvider.update(AbstractFileDownloadTripleProvider.java:162)
	at org.knime.workbench.workflowcoach.data.CommunityTripleProvider.update(CommunityTripleProvider.java:111)
	at org.knime.workbench.workflowcoach.prefs.UpdateJob.run(UpdateJob.java:132)
	at org.eclipse.core.internal.jobs.Worker.run(Worker.java:63)
Caused by: com.fasterxml.jackson.databind.JsonMappingException: Unexpected end-of-input within/between Object entries
 at [Source: REDACTED (`StreamReadFeature.INCLUDE_SOURCE_IN_LOCATION` disabled); line: 189072, column: 21] (through reference chain: org.knime.core.node.NodeFrequencies["frequencies"]->java.util.ArrayList[21007]->org.knime.core.node.NodeTriple["successor"])
	at com.fasterxml.jackson.databind.JsonMappingException.wrapWithPath(JsonMappingException.java:402)
	at com.fasterxml.jackson.databind.JsonMappingException.wrapWithPath(JsonMappingException.java:361)
	at com.fasterxml.jackson.databind.deser.BeanDeserializerBase.wrapAndThrow(BeanDeserializerBase.java:1937)
	at com.fasterxml.jackson.databind.deser.BeanDeserializer._deserializeWithErrorWrapping(BeanDeserializer.java:572)
	at com.fasterxml.jackson.databind.deser.BeanDeserializer._deserializeUsingPropertyBased(BeanDeserializer.java:440)
	at com.fasterxml.jackson.databind.deser.BeanDeserializerBase.deserializeFromObjectUsingNonDefault(BeanDeserializerBase.java:1493)
	at com.fasterxml.jackson.databind.deser.BeanDeserializer.deserializeFromObject(BeanDeserializer.java:348)
	at com.fasterxml.jackson.databind.deser.BeanDeserializer.deserialize(BeanDeserializer.java:185)
	at com.fasterxml.jackson.databind.deser.std.CollectionDeserializer._deserializeFromArray(CollectionDeserializer.java:359)
	at com.fasterxml.jackson.databind.deser.std.CollectionDeserializer.deserialize(CollectionDeserializer.java:244)
	at com.fasterxml.jackson.databind.deser.std.CollectionDeserializer.deserialize(CollectionDeserializer.java:28)
	at com.fasterxml.jackson.databind.deser.SettableBeanProperty.deserialize(SettableBeanProperty.java:545)
	at com.fasterxml.jackson.databind.deser.BeanDeserializer._deserializeWithErrorWrapping(BeanDeserializer.java:570)
	at com.fasterxml.jackson.databind.deser.BeanDeserializer._deserializeUsingPropertyBased(BeanDeserializer.java:440)
	at com.fasterxml.jackson.databind.deser.BeanDeserializerBase.deserializeFromObjectUsingNonDefault(BeanDeserializerBase.java:1493)
	at com.fasterxml.jackson.databind.deser.BeanDeserializer.deserializeFromObject(BeanDeserializer.java:348)
	at com.fasterxml.jackson.databind.deser.BeanDeserializer.deserialize(BeanDeserializer.java:185)
	at com.fasterxml.jackson.databind.deser.DefaultDeserializationContext.readRootValue(DefaultDeserializationContext.java:342)
	at com.fasterxml.jackson.databind.ObjectMapper._readMapAndClose(ObjectMapper.java:4899)
	at com.fasterxml.jackson.databind.ObjectMapper.readValue(ObjectMapper.java:3883)
	at org.knime.core.node.NodeFrequencies.from(NodeFrequencies.java:160)
	at org.knime.workbench.workflowcoach.data.AbstractFileDownloadTripleProvider.checkDownloadedFile(AbstractFileDownloadTripleProvider.java:181)
	... 4 more
Caused by: com.fasterxml.jackson.core.io.JsonEOFException: Unexpected end-of-input within/between Object entries
 at [Source: REDACTED (`StreamReadFeature.INCLUDE_SOURCE_IN_LOCATION` disabled); line: 189072, column: 21]
	at com.fasterxml.jackson.core.base.ParserMinimalBase._reportInvalidEOF(ParserMinimalBase.java:699)
	at com.fasterxml.jackson.core.json.UTF8StreamJsonParser._skipColon2(UTF8StreamJsonParser.java:3270)
	at com.fasterxml.jackson.core.json.UTF8StreamJsonParser._skipColon(UTF8StreamJsonParser.java:3185)
	at com.fasterxml.jackson.core.json.UTF8StreamJsonParser.nextToken(UTF8StreamJsonParser.java:805)
	at com.fasterxml.jackson.databind.deser.BeanDeserializer.deserialize(BeanDeserializer.java:181)
	at com.fasterxml.jackson.databind.deser.SettableBeanProperty.deserialize(SettableBeanProperty.java:545)
	at com.fasterxml.jackson.databind.deser.BeanDeserializer._deserializeWithErrorWrapping(BeanDeserializer.java:570)
	... 22 more
2025-01-30 19:20:32,752 : WARN  : Worker-0: Downloading statistics for node recommendations. :  : NodeRecommendationUpdater :  :  : Could not update node recommendations statistics.
java.io.IOException: Downloaded file doesn't contain node recommendation data.
	at org.knime.workbench.workflowcoach.data.AbstractFileDownloadTripleProvider.checkDownloadedFile(AbstractFileDownloadTripleProvider.java:183)
	at org.knime.workbench.workflowcoach.data.AbstractFileDownloadTripleProvider.update(AbstractFileDownloadTripleProvider.java:162)
	at org.knime.workbench.workflowcoach.data.CommunityTripleProvider.update(CommunityTripleProvider.java:111)
	at org.knime.workbench.workflowcoach.prefs.UpdateJob.run(UpdateJob.java:132)
	at org.eclipse.core.internal.jobs.Worker.run(Worker.java:63)
Caused by: java.nio.file.NoSuchFileException: C:\Users\IADB\Documents\workspaceAI\CEIABD_MODULOS_IA\knime-workspace\.metadata\knime\file_download.temp
	at java.base/sun.nio.fs.WindowsException.translateToIOException(Unknown Source)
	at java.base/sun.nio.fs.WindowsException.rethrowAsIOException(Unknown Source)
	at java.base/sun.nio.fs.WindowsException.rethrowAsIOException(Unknown Source)
	at java.base/sun.nio.fs.WindowsFileSystemProvider.newByteChannel(Unknown Source)
	at java.base/java.nio.file.Files.newByteChannel(Unknown Source)
	at java.base/java.nio.file.Files.newByteChannel(Unknown Source)
	at java.base/java.nio.file.spi.FileSystemProvider.newInputStream(Unknown Source)
	at java.base/java.nio.file.Files.newInputStream(Unknown Source)
	at org.knime.workbench.workflowcoach.data.AbstractFileDownloadTripleProvider.checkDownloadedFile(AbstractFileDownloadTripleProvider.java:180)
	... 4 more
2025-01-30 19:22:34,000 : WARN  : comm-pool-thread-1 :  : Node : CSV Reader : 3:1 : Please specify a file
2025-01-30 20:10:13,345 : WARN  : comm-pool-thread-1 :  : Node : Numeric Scorer : 3:8 : No columns selected for reference
2025-01-30 20:10:47,000 : WARN  : KNIME-Worker-51-Numeric Scorer 3:8 :  : Node : Numeric Scorer : 3:8 : Can't calculate Mean Absolute Percentage error: target value is 0! Row42918
2025-01-30 20:13:08,435 : WARN  : comm-pool-thread-1 :  : Node : Row Sampling : 3:9 : No sampling method selected
2025-01-30 20:14:59,090 : ERROR : main :  : CEFNodeView :  :  : ResizeObserver loop completed with undelivered notifications. (source: http://org.knime.js.pagebuilder/apWrapper.html; line: 0)
2025-01-30 20:15:05,610 : ERROR : main :  : CEFNodeView :  :  : ResizeObserver loop completed with undelivered notifications. (source: http://org.knime.js.pagebuilder/apWrapper.html; line: 0)
2025-01-30 20:16:51,626 : ERROR : main :  : CEFNodeView :  :  : ResizeObserver loop completed with undelivered notifications. (source: http://org.knime.js.pagebuilder/apWrapper.html; line: 0)
2025-01-30 20:17:26,159 : ERROR : main :  : CEFNodeView :  :  : ResizeObserver loop completed with undelivered notifications. (source: http://org.knime.js.pagebuilder/apWrapper.html; line: 0)
2025-01-30 20:21:51,490 : WARN  : KNIME-Worker-64-Scatter Plot (JavaScript) 3:11 :  : Node : Scatter Plot (JavaScript) : 3:11 : Only the first 2500 rows are displayed.
2025-01-30 20:21:51,576 : WARN  : KNIME-Worker-64-Scatter Plot (JavaScript) 3:11 :  : Node : Scatter Plot (JavaScript) : 3:11 : Table contains missing or unsupported values - these values will be omitted.
2025-01-30 20:23:42,396 : ERROR : Clear OSGi configuration :  : InvokeInstallSiteAction :  :  : Could not clean OSGi configuration area: C:\Users\IADB\AppData\Local\Programs\KNIME\configuration\org.eclipse.osgi\299\0\.cp\os\win32\x86_64\localfile_1_0_0.dll
2025-01-30 20:24:57,699 : WARN  : ModalContext :  : Node : Scatter Plot (JavaScript) : 3:11 : Table contains missing or unsupported values - these values will be omitted.
2025-01-30 20:24:57,748 : WARN  : ModalContext :  : Node : Numeric Scorer : 3:8 : Can't calculate Mean Absolute Percentage error: target value is 0! Row42918
2025-01-30 20:28:03,654 : ERROR : main :  : KnimeBrowserView :  :  : %cerror%c Could not set zoom level 
      background: #c0392b;
      border-radius: 0.5em;
      color: white;
      font-weight: bold;
      padding: 2px 0.5em;
      TypeError: t is not a function (source: http://org.knime.ui.java/assets/index-Bnh0E6L6.js; line: 87)
2025-01-30 20:28:03,659 : ERROR : main :  : KnimeBrowserView :  :  : %cerror%c Unhandled rejection:: 
      background: #c0392b;
      border-radius: 0.5em;
      color: white;
      font-weight: bold;
      padding: 2px 0.5em;
      [object Object] (source: http://org.knime.ui.java/assets/index-Bnh0E6L6.js; line: 87)
2025-01-30 20:28:03,659 : ERROR : main :  : KnimeBrowserView :  :  : Uncaught (in promise) TypeError: Cannot read properties of undefined (reading 'name') (source: http://org.knime.ui.java/assets/index-Bnh0E6L6.js; line: 45)
2025-01-30 20:28:03,704 : ERROR : main :  : KnimeBrowserView :  :  : %cerror%c Could not set zoom level 
      background: #c0392b;
      border-radius: 0.5em;
      color: white;
      font-weight: bold;
      padding: 2px 0.5em;
      TypeError: t is not a function (source: http://org.knime.ui.java/assets/index-Bnh0E6L6.js; line: 87)
2025-01-30 20:28:03,704 : ERROR : main :  : KnimeBrowserView :  :  : %cerror%c Unhandled rejection:: 
      background: #c0392b;
      border-radius: 0.5em;
      color: white;
      font-weight: bold;
      padding: 2px 0.5em;
      [object Object] (source: http://org.knime.ui.java/assets/index-Bnh0E6L6.js; line: 87)
2025-01-30 20:28:03,705 : ERROR : main :  : KnimeBrowserView :  :  : Uncaught (in promise) TypeError: Cannot read properties of undefined (reading 'name') (source: http://org.knime.ui.java/assets/index-Bnh0E6L6.js; line: 45)
2025-01-30 20:28:03,804 : ERROR : main :  : KnimeBrowserView :  :  : %cerror%c Could not set zoom level 
      background: #c0392b;
      border-radius: 0.5em;
      color: white;
      font-weight: bold;
      padding: 2px 0.5em;
      TypeError: t is not a function (source: http://org.knime.ui.java/assets/index-Bnh0E6L6.js; line: 87)
2025-01-30 20:28:03,804 : ERROR : main :  : KnimeBrowserView :  :  : %cerror%c Unhandled rejection:: 
      background: #c0392b;
      border-radius: 0.5em;
      color: white;
      font-weight: bold;
      padding: 2px 0.5em;
      [object Object] (source: http://org.knime.ui.java/assets/index-Bnh0E6L6.js; line: 87)
2025-01-30 20:28:03,804 : ERROR : main :  : KnimeBrowserView :  :  : Uncaught (in promise) TypeError: Cannot read properties of undefined (reading 'name') (source: http://org.knime.ui.java/assets/index-Bnh0E6L6.js; line: 45)
2025-01-30 20:28:03,854 : ERROR : main :  : KnimeBrowserView :  :  : %cerror%c Could not set zoom level 
      background: #c0392b;
      border-radius: 0.5em;
      color: white;
      font-weight: bold;
      padding: 2px 0.5em;
      TypeError: t is not a function (source: http://org.knime.ui.java/assets/index-Bnh0E6L6.js; line: 87)
2025-01-30 20:28:03,854 : ERROR : main :  : KnimeBrowserView :  :  : %cerror%c Unhandled rejection:: 
      background: #c0392b;
      border-radius: 0.5em;
      color: white;
      font-weight: bold;
      padding: 2px 0.5em;
      [object Object] (source: http://org.knime.ui.java/assets/index-Bnh0E6L6.js; line: 87)
2025-01-30 20:28:03,854 : ERROR : main :  : KnimeBrowserView :  :  : Uncaught (in promise) TypeError: Cannot read properties of undefined (reading 'name') (source: http://org.knime.ui.java/assets/index-Bnh0E6L6.js; line: 45)
2025-01-30 20:28:03,953 : ERROR : main :  : KnimeBrowserView :  :  : %cerror%c Could not set zoom level 
      background: #c0392b;
      border-radius: 0.5em;
      color: white;
      font-weight: bold;
      padding: 2px 0.5em;
      TypeError: t is not a function (source: http://org.knime.ui.java/assets/index-Bnh0E6L6.js; line: 87)
2025-01-30 20:28:03,953 : ERROR : main :  : KnimeBrowserView :  :  : %cerror%c Unhandled rejection:: 
      background: #c0392b;
      border-radius: 0.5em;
      color: white;
      font-weight: bold;
      padding: 2px 0.5em;
      [object Object] (source: http://org.knime.ui.java/assets/index-Bnh0E6L6.js; line: 87)
2025-01-30 20:28:03,953 : ERROR : main :  : KnimeBrowserView :  :  : Uncaught (in promise) TypeError: Cannot read properties of undefined (reading 'name') (source: http://org.knime.ui.java/assets/index-Bnh0E6L6.js; line: 45)
2025-01-30 20:28:04,003 : ERROR : main :  : KnimeBrowserView :  :  : %cerror%c Could not set zoom level 
      background: #c0392b;
      border-radius: 0.5em;
      color: white;
      font-weight: bold;
      padding: 2px 0.5em;
      TypeError: t is not a function (source: http://org.knime.ui.java/assets/index-Bnh0E6L6.js; line: 87)
2025-01-30 20:28:04,003 : ERROR : main :  : KnimeBrowserView :  :  : %cerror%c Unhandled rejection:: 
      background: #c0392b;
      border-radius: 0.5em;
      color: white;
      font-weight: bold;
      padding: 2px 0.5em;
      [object Object] (source: http://org.knime.ui.java/assets/index-Bnh0E6L6.js; line: 87)
2025-01-30 20:28:04,004 : ERROR : main :  : KnimeBrowserView :  :  : Uncaught (in promise) TypeError: Cannot read properties of undefined (reading 'name') (source: http://org.knime.ui.java/assets/index-Bnh0E6L6.js; line: 45)
2025-01-30 20:28:04,099 : ERROR : main :  : KnimeBrowserView :  :  : %cerror%c Could not set zoom level 
      background: #c0392b;
      border-radius: 0.5em;
      color: white;
      font-weight: bold;
      padding: 2px 0.5em;
      TypeError: t is not a function (source: http://org.knime.ui.java/assets/index-Bnh0E6L6.js; line: 87)
2025-01-30 20:28:04,100 : ERROR : main :  : KnimeBrowserView :  :  : %cerror%c Unhandled rejection:: 
      background: #c0392b;
      border-radius: 0.5em;
      color: white;
      font-weight: bold;
      padding: 2px 0.5em;
      [object Object] (source: http://org.knime.ui.java/assets/index-Bnh0E6L6.js; line: 87)
2025-01-30 20:28:04,100 : ERROR : main :  : KnimeBrowserView :  :  : Uncaught (in promise) TypeError: Cannot read properties of undefined (reading 'name') (source: http://org.knime.ui.java/assets/index-Bnh0E6L6.js; line: 45)
2025-01-30 20:28:04,148 : ERROR : main :  : KnimeBrowserView :  :  : %cerror%c Could not set zoom level 
      background: #c0392b;
      border-radius: 0.5em;
      color: white;
      font-weight: bold;
      padding: 2px 0.5em;
      TypeError: t is not a function (source: http://org.knime.ui.java/assets/index-Bnh0E6L6.js; line: 87)
2025-01-30 20:28:04,149 : ERROR : main :  : KnimeBrowserView :  :  : %cerror%c Unhandled rejection:: 
      background: #c0392b;
      border-radius: 0.5em;
      color: white;
      font-weight: bold;
      padding: 2px 0.5em;
      [object Object] (source: http://org.knime.ui.java/assets/index-Bnh0E6L6.js; line: 87)
2025-01-30 20:28:04,149 : ERROR : main :  : KnimeBrowserView :  :  : Uncaught (in promise) TypeError: Cannot read properties of undefined (reading 'name') (source: http://org.knime.ui.java/assets/index-Bnh0E6L6.js; line: 45)
2025-01-30 20:28:04,248 : ERROR : main :  : KnimeBrowserView :  :  : %cerror%c Could not set zoom level 
      background: #c0392b;
      border-radius: 0.5em;
      color: white;
      font-weight: bold;
      padding: 2px 0.5em;
      TypeError: t is not a function (source: http://org.knime.ui.java/assets/index-Bnh0E6L6.js; line: 87)
2025-01-30 20:28:04,248 : ERROR : main :  : KnimeBrowserView :  :  : %cerror%c Unhandled rejection:: 
      background: #c0392b;
      border-radius: 0.5em;
      color: white;
      font-weight: bold;
      padding: 2px 0.5em;
      [object Object] (source: http://org.knime.ui.java/assets/index-Bnh0E6L6.js; line: 87)
2025-01-30 20:28:04,248 : ERROR : main :  : KnimeBrowserView :  :  : Uncaught (in promise) TypeError: Cannot read properties of undefined (reading 'name') (source: http://org.knime.ui.java/assets/index-Bnh0E6L6.js; line: 45)
2025-01-30 20:28:04,293 : ERROR : main :  : KnimeBrowserView :  :  : %cerror%c Could not set zoom level 
      background: #c0392b;
      border-radius: 0.5em;
      color: white;
      font-weight: bold;
      padding: 2px 0.5em;
      TypeError: t is not a function (source: http://org.knime.ui.java/assets/index-Bnh0E6L6.js; line: 87)
2025-01-30 20:28:04,293 : ERROR : main :  : KnimeBrowserView :  :  : %cerror%c Unhandled rejection:: 
      background: #c0392b;
      border-radius: 0.5em;
      color: white;
      font-weight: bold;
      padding: 2px 0.5em;
      [object Object] (source: http://org.knime.ui.java/assets/index-Bnh0E6L6.js; line: 87)
2025-01-30 20:28:04,293 : ERROR : main :  : KnimeBrowserView :  :  : Uncaught (in promise) TypeError: Cannot read properties of undefined (reading 'name') (source: http://org.knime.ui.java/assets/index-Bnh0E6L6.js; line: 45)
2025-01-30 20:28:04,403 : ERROR : main :  : KnimeBrowserView :  :  : %cerror%c Could not set zoom level 
      background: #c0392b;
      border-radius: 0.5em;
      color: white;
      font-weight: bold;
      padding: 2px 0.5em;
      TypeError: t is not a function (source: http://org.knime.ui.java/assets/index-Bnh0E6L6.js; line: 87)
2025-01-30 20:28:04,403 : ERROR : main :  : KnimeBrowserView :  :  : %cerror%c Unhandled rejection:: 
      background: #c0392b;
      border-radius: 0.5em;
      color: white;
      font-weight: bold;
      padding: 2px 0.5em;
      [object Object] (source: http://org.knime.ui.java/assets/index-Bnh0E6L6.js; line: 87)
2025-01-30 20:28:04,403 : ERROR : main :  : KnimeBrowserView :  :  : Uncaught (in promise) TypeError: Cannot read properties of undefined (reading 'name') (source: http://org.knime.ui.java/assets/index-Bnh0E6L6.js; line: 45)
2025-01-30 20:28:04,448 : ERROR : main :  : KnimeBrowserView :  :  : %cerror%c Could not set zoom level 
      background: #c0392b;
      border-radius: 0.5em;
      color: white;
      font-weight: bold;
      padding: 2px 0.5em;
      TypeError: t is not a function (source: http://org.knime.ui.java/assets/index-Bnh0E6L6.js; line: 87)
2025-01-30 20:28:04,448 : ERROR : main :  : KnimeBrowserView :  :  : %cerror%c Unhandled rejection:: 
      background: #c0392b;
      border-radius: 0.5em;
      color: white;
      font-weight: bold;
      padding: 2px 0.5em;
      [object Object] (source: http://org.knime.ui.java/assets/index-Bnh0E6L6.js; line: 87)
2025-01-30 20:28:04,448 : ERROR : main :  : KnimeBrowserView :  :  : Uncaught (in promise) TypeError: Cannot read properties of undefined (reading 'name') (source: http://org.knime.ui.java/assets/index-Bnh0E6L6.js; line: 45)
2025-01-30 20:28:22,425 : WARN  : ModalContext :  : Node : Scatter Plot (JavaScript) : 3:11 : Table contains missing or unsupported values - these values will be omitted.
2025-01-30 20:28:22,484 : WARN  : ModalContext :  : Node : Numeric Scorer : 3:8 : Can't calculate Mean Absolute Percentage error: target value is 0! Row42918
2025-01-30 20:29:15,311 : WARN  : KNIME-Worker-0-Scatter Plot (Plotly) 3:12 :  : Node : Scatter Plot (Plotly) : 3:12 : Only the first 2500 rows are displayed.
2025-01-30 20:29:47,438 : WARN  : KNIME-Worker-0-Scatter Plot (Plotly) 3:12 :  : Node : Scatter Plot (Plotly) : 3:12 : Only the first 2500 rows are displayed.
2025-01-30 20:32:49,085 : WARN  : comm-pool-thread-3 :  : Node : CSV Reader : 3:1 : Please specify a file
2025-01-30 20:38:49,395 : WARN  : comm-pool-thread-4 :  : Node : Scorer : 3:3 : No columns selected yet.
2025-01-30 20:39:15,249 : WARN  : main :  : WrappedNodeDialog : Scorer : 3:3 : failed to apply settings: First and second column cannot be the same.
org.knime.core.node.InvalidSettingsException: First and second column cannot be the same.
	at org.knime.base.node.mine.scorer.accuracy.AccuracyScorer2NodeDialog.saveSettingsTo(AccuracyScorer2NodeDialog.java:349)
	at org.knime.core.node.NodeDialogPane.internalSaveSettingsTo(NodeDialogPane.java:553)
	at org.knime.core.node.NodeDialogPane$4.run(NodeDialogPane.java:792)
	at org.knime.core.node.util.ViewUtils$3.run(ViewUtils.java:353)
	at org.knime.core.node.util.ViewUtils$2.run(ViewUtils.java:155)
	at java.desktop/java.awt.event.InvocationEvent.dispatch(Unknown Source)
	at java.desktop/java.awt.EventQueue.dispatchEventImpl(Unknown Source)
	at java.desktop/java.awt.EventQueue$4.run(Unknown Source)
	at java.desktop/java.awt.EventQueue$4.run(Unknown Source)
	at java.base/java.security.AccessController.doPrivileged(Unknown Source)
	at java.base/java.security.ProtectionDomain$JavaSecurityAccessImpl.doIntersectionPrivilege(Unknown Source)
	at java.desktop/java.awt.EventQueue.dispatchEvent(Unknown Source)
	at java.desktop/java.awt.EventDispatchThread.pumpOneEventForFilters(Unknown Source)
	at java.desktop/java.awt.EventDispatchThread.pumpEventsForFilter(Unknown Source)
	at java.desktop/java.awt.EventDispatchThread.pumpEventsForHierarchy(Unknown Source)
	at java.desktop/java.awt.EventDispatchThread.pumpEvents(Unknown Source)
	at java.desktop/java.awt.EventDispatchThread.pumpEvents(Unknown Source)
	at java.desktop/java.awt.EventDispatchThread.run(Unknown Source)
2025-01-30 20:41:59,115 : WARN  : comm-pool-thread-4 :  : Node : Bar Chart : 3:5 : Table contains no compatible (nominal) category columns
2025-01-30 20:42:15,597 : WARN  : comm-pool-thread-4 :  : Node : Bar Chart : 3:5 : Table contains no compatible (nominal) category columns
2025-01-30 20:42:28,276 : WARN  : comm-pool-thread-4 :  : Node : Bar Chart : 3:5 : Table contains no compatible (nominal) category columns
2025-01-30 20:43:40,306 : WARN  : main :  : ImportURI :  :  : Failed to retrieve version information
org.knime.core.util.exception.ResourceAccessException: The KNIME Hub item does not exist or cannot be accessed. Please connect to your KNIME Hub if you have not already done so.
	at com.knime.enterprise.client.rest.HubContent.lambda$10(HubContent.java:709)
	at java.base/java.util.Optional.orElseThrow(Unknown Source)
	at com.knime.enterprise.client.rest.HubContent.getVersions(HubContent.java:709)
	at com.knime.explorer.server.hub.HubExplorerFileStore.getVersions(HubExplorerFileStore.java:285)
	at org.knime.workbench.explorer.pathresolve.URIToFileResolveImpl.getHubItemVersionList(URIToFileResolveImpl.java:364)
	at org.knime.core.util.pathresolve.ResolverUtil.getHubItemVersionList(ResolverUtil.java:335)
	at org.knime.ui.java.api.ImportURI.getWorkflowVersion(ImportURI.java:184)
	at org.knime.ui.java.api.ImportURI.importURI(ImportURI.java:156)
	at org.knime.ui.java.browser.KnimeBrowserLocationListener.changing(KnimeBrowserLocationListener.java:89)
	at com.equo.chromium.swt.internal.Chromium.lambda$17(Chromium.java:1309)
	at com.equo.chromium.swt.internal.Chromium.syncExec(Chromium.java:3028)
	at com.equo.chromium.swt.internal.Chromium.onBeforeBrowse(Chromium.java:1307)
	at com.equo.chromium.swt.internal.Chromium.access$14(Chromium.java:1295)
	at com.equo.chromium.swt.internal.Chromium$RequestHandler.onBeforeBrowse(Chromium.java:1133)
	at org.cef.CefClient.onBeforeBrowse(CefClient.java:766)
	at org.cef.CefApp.N_DoMessageLoopWork(Native Method)
	at org.cef.CefApp.lambda$0(CefApp.java:332)
	at org.eclipse.swt.widgets.RunnableLock.run(RunnableLock.java:40)
	at org.eclipse.swt.widgets.Synchronizer.runAsyncMessages(Synchronizer.java:132)
	at org.eclipse.swt.widgets.Display.runAsyncMessages(Display.java:4047)
	at org.eclipse.swt.widgets.Display.readAndDispatch(Display.java:3663)
	at org.eclipse.e4.ui.internal.workbench.swt.PartRenderingEngine$5.run(PartRenderingEngine.java:1151)
	at org.eclipse.core.databinding.observable.Realm.runWithDefault(Realm.java:339)
	at org.eclipse.e4.ui.internal.workbench.swt.PartRenderingEngine.run(PartRenderingEngine.java:1042)
	at org.eclipse.e4.ui.internal.workbench.E4Workbench.createAndRunUI(E4Workbench.java:152)
	at org.eclipse.ui.internal.Workbench.lambda$3(Workbench.java:639)
	at org.eclipse.core.databinding.observable.Realm.runWithDefault(Realm.java:339)
	at org.eclipse.ui.internal.Workbench.createAndRunWorkbench(Workbench.java:546)
	at org.eclipse.ui.PlatformUI.createAndRunWorkbench(PlatformUI.java:173)
	at org.knime.product.rcp.KNIMEApplication.start(KNIMEApplication.java:211)
	at org.eclipse.equinox.internal.app.EclipseAppHandle.run(EclipseAppHandle.java:208)
	at org.eclipse.core.runtime.internal.adaptor.EclipseAppLauncher.runApplication(EclipseAppLauncher.java:143)
	at org.eclipse.core.runtime.internal.adaptor.EclipseAppLauncher.start(EclipseAppLauncher.java:109)
	at org.eclipse.core.runtime.adaptor.EclipseStarter.run(EclipseStarter.java:439)
	at org.eclipse.core.runtime.adaptor.EclipseStarter.run(EclipseStarter.java:271)
	at java.base/jdk.internal.reflect.NativeMethodAccessorImpl.invoke0(Native Method)
	at java.base/jdk.internal.reflect.NativeMethodAccessorImpl.invoke(Unknown Source)
	at java.base/jdk.internal.reflect.DelegatingMethodAccessorImpl.invoke(Unknown Source)
	at java.base/java.lang.reflect.Method.invoke(Unknown Source)
	at org.eclipse.equinox.launcher.Main.invokeFramework(Main.java:651)
	at org.eclipse.equinox.launcher.Main.basicRun(Main.java:588)
	at org.eclipse.equinox.launcher.Main.run(Main.java:1459)
2025-01-30 20:43:47,890 : ERROR : ModalContext :  : LoadWorkflowRunnable :  :  : Errors during load: Status: Error: 04_Image_Output 4 loaded with errors
2025-01-30 20:43:47,891 : ERROR : ModalContext :  : LoadWorkflowRunnable :  :  :   Status: Error: 04_Image_Output 4
2025-01-30 20:43:47,891 : ERROR : ModalContext :  : LoadWorkflowRunnable :  :  :     Status: Error: Node "Python Script" not available from extension "KNIME Python Integration" (provided by "KNIME AG, Zurich, Switzerland"; plugin "org.knime.python3.scripting.nodes" is not installed)
2025-01-30 20:43:47,891 : ERROR : ModalContext :  : LoadWorkflowRunnable :  :  :     Status: Error: Node "Python Script" not available from extension "KNIME Python Integration" (provided by "KNIME AG, Zurich, Switzerland"; plugin "org.knime.python3.scripting.nodes" is not installed)
2025-01-30 20:43:47,891 : ERROR : ModalContext :  : LoadWorkflowRunnable :  :  :     Status: Error: Node "Python Script" not available from extension "KNIME Python Integration" (provided by "KNIME AG, Zurich, Switzerland"; plugin "org.knime.python3.scripting.nodes" is not installed)
2025-01-30 20:45:54,532 : ERROR : Clear OSGi configuration :  : InvokeInstallSiteAction :  :  : Could not clean OSGi configuration area: C:\Users\IADB\AppData\Local\Programs\KNIME\configuration\org.eclipse.osgi\299\0\.cp\os\win32\x86_64\localfile_1_0_0.dll
2025-01-30 20:46:38,810 : ERROR : main :  : KnimeBrowserView :  :  : %cerror%c Could not set zoom level 
      background: #c0392b;
      border-radius: 0.5em;
      color: white;
      font-weight: bold;
      padding: 2px 0.5em;
      TypeError: t is not a function (source: http://org.knime.ui.java/assets/index-Bnh0E6L6.js; line: 87)
2025-01-30 20:46:38,816 : ERROR : main :  : KnimeBrowserView :  :  : %cerror%c Unhandled rejection:: 
      background: #c0392b;
      border-radius: 0.5em;
      color: white;
      font-weight: bold;
      padding: 2px 0.5em;
      [object Object] (source: http://org.knime.ui.java/assets/index-Bnh0E6L6.js; line: 87)
2025-01-30 20:46:38,817 : ERROR : main :  : KnimeBrowserView :  :  : Uncaught (in promise) TypeError: Cannot read properties of undefined (reading 'name') (source: http://org.knime.ui.java/assets/index-Bnh0E6L6.js; line: 45)
2025-01-30 20:46:38,866 : ERROR : main :  : KnimeBrowserView :  :  : %cerror%c Could not set zoom level 
      background: #c0392b;
      border-radius: 0.5em;
      color: white;
      font-weight: bold;
      padding: 2px 0.5em;
      TypeError: t is not a function (source: http://org.knime.ui.java/assets/index-Bnh0E6L6.js; line: 87)
2025-01-30 20:46:38,866 : ERROR : main :  : KnimeBrowserView :  :  : %cerror%c Unhandled rejection:: 
      background: #c0392b;
      border-radius: 0.5em;
      color: white;
      font-weight: bold;
      padding: 2px 0.5em;
      [object Object] (source: http://org.knime.ui.java/assets/index-Bnh0E6L6.js; line: 87)
2025-01-30 20:46:38,867 : ERROR : main :  : KnimeBrowserView :  :  : Uncaught (in promise) TypeError: Cannot read properties of undefined (reading 'name') (source: http://org.knime.ui.java/assets/index-Bnh0E6L6.js; line: 45)
2025-01-30 20:46:38,965 : ERROR : main :  : KnimeBrowserView :  :  : %cerror%c Could not set zoom level 
      background: #c0392b;
      border-radius: 0.5em;
      color: white;
      font-weight: bold;
      padding: 2px 0.5em;
      TypeError: t is not a function (source: http://org.knime.ui.java/assets/index-Bnh0E6L6.js; line: 87)
2025-01-30 20:46:38,965 : ERROR : main :  : KnimeBrowserView :  :  : %cerror%c Unhandled rejection:: 
      background: #c0392b;
      border-radius: 0.5em;
      color: white;
      font-weight: bold;
      padding: 2px 0.5em;
      [object Object] (source: http://org.knime.ui.java/assets/index-Bnh0E6L6.js; line: 87)
2025-01-30 20:46:38,965 : ERROR : main :  : KnimeBrowserView :  :  : Uncaught (in promise) TypeError: Cannot read properties of undefined (reading 'name') (source: http://org.knime.ui.java/assets/index-Bnh0E6L6.js; line: 45)
2025-01-30 20:46:39,016 : ERROR : main :  : KnimeBrowserView :  :  : %cerror%c Could not set zoom level 
      background: #c0392b;
      border-radius: 0.5em;
      color: white;
      font-weight: bold;
      padding: 2px 0.5em;
      TypeError: t is not a function (source: http://org.knime.ui.java/assets/index-Bnh0E6L6.js; line: 87)
2025-01-30 20:46:39,016 : ERROR : main :  : KnimeBrowserView :  :  : %cerror%c Unhandled rejection:: 
      background: #c0392b;
      border-radius: 0.5em;
      color: white;
      font-weight: bold;
      padding: 2px 0.5em;
      [object Object] (source: http://org.knime.ui.java/assets/index-Bnh0E6L6.js; line: 87)
2025-01-30 20:46:39,016 : ERROR : main :  : KnimeBrowserView :  :  : Uncaught (in promise) TypeError: Cannot read properties of undefined (reading 'name') (source: http://org.knime.ui.java/assets/index-Bnh0E6L6.js; line: 45)
2025-01-30 20:46:39,111 : ERROR : main :  : KnimeBrowserView :  :  : %cerror%c Could not set zoom level 
      background: #c0392b;
      border-radius: 0.5em;
      color: white;
      font-weight: bold;
      padding: 2px 0.5em;
      TypeError: t is not a function (source: http://org.knime.ui.java/assets/index-Bnh0E6L6.js; line: 87)
2025-01-30 20:46:39,111 : ERROR : main :  : KnimeBrowserView :  :  : %cerror%c Unhandled rejection:: 
      background: #c0392b;
      border-radius: 0.5em;
      color: white;
      font-weight: bold;
      padding: 2px 0.5em;
      [object Object] (source: http://org.knime.ui.java/assets/index-Bnh0E6L6.js; line: 87)
2025-01-30 20:46:39,111 : ERROR : main :  : KnimeBrowserView :  :  : Uncaught (in promise) TypeError: Cannot read properties of undefined (reading 'name') (source: http://org.knime.ui.java/assets/index-Bnh0E6L6.js; line: 45)
2025-01-30 20:46:39,165 : ERROR : main :  : KnimeBrowserView :  :  : %cerror%c Could not set zoom level 
      background: #c0392b;
      border-radius: 0.5em;
      color: white;
      font-weight: bold;
      padding: 2px 0.5em;
      TypeError: t is not a function (source: http://org.knime.ui.java/assets/index-Bnh0E6L6.js; line: 87)
2025-01-30 20:46:39,165 : ERROR : main :  : KnimeBrowserView :  :  : %cerror%c Unhandled rejection:: 
      background: #c0392b;
      border-radius: 0.5em;
      color: white;
      font-weight: bold;
      padding: 2px 0.5em;
      [object Object] (source: http://org.knime.ui.java/assets/index-Bnh0E6L6.js; line: 87)
2025-01-30 20:46:39,165 : ERROR : main :  : KnimeBrowserView :  :  : Uncaught (in promise) TypeError: Cannot read properties of undefined (reading 'name') (source: http://org.knime.ui.java/assets/index-Bnh0E6L6.js; line: 45)
2025-01-30 20:46:39,260 : ERROR : main :  : KnimeBrowserView :  :  : %cerror%c Could not set zoom level 
      background: #c0392b;
      border-radius: 0.5em;
      color: white;
      font-weight: bold;
      padding: 2px 0.5em;
      TypeError: t is not a function (source: http://org.knime.ui.java/assets/index-Bnh0E6L6.js; line: 87)
2025-01-30 20:46:39,261 : ERROR : main :  : KnimeBrowserView :  :  : %cerror%c Unhandled rejection:: 
      background: #c0392b;
      border-radius: 0.5em;
      color: white;
      font-weight: bold;
      padding: 2px 0.5em;
      [object Object] (source: http://org.knime.ui.java/assets/index-Bnh0E6L6.js; line: 87)
2025-01-30 20:46:39,261 : ERROR : main :  : KnimeBrowserView :  :  : Uncaught (in promise) TypeError: Cannot read properties of undefined (reading 'name') (source: http://org.knime.ui.java/assets/index-Bnh0E6L6.js; line: 45)
2025-01-30 20:46:39,310 : ERROR : main :  : KnimeBrowserView :  :  : %cerror%c Could not set zoom level 
      background: #c0392b;
      border-radius: 0.5em;
      color: white;
      font-weight: bold;
      padding: 2px 0.5em;
      TypeError: t is not a function (source: http://org.knime.ui.java/assets/index-Bnh0E6L6.js; line: 87)
2025-01-30 20:46:39,310 : ERROR : main :  : KnimeBrowserView :  :  : %cerror%c Unhandled rejection:: 
      background: #c0392b;
      border-radius: 0.5em;
      color: white;
      font-weight: bold;
      padding: 2px 0.5em;
      [object Object] (source: http://org.knime.ui.java/assets/index-Bnh0E6L6.js; line: 87)
2025-01-30 20:46:39,310 : ERROR : main :  : KnimeBrowserView :  :  : Uncaught (in promise) TypeError: Cannot read properties of undefined (reading 'name') (source: http://org.knime.ui.java/assets/index-Bnh0E6L6.js; line: 45)
2025-01-30 20:46:39,405 : ERROR : main :  : KnimeBrowserView :  :  : %cerror%c Could not set zoom level 
      background: #c0392b;
      border-radius: 0.5em;
      color: white;
      font-weight: bold;
      padding: 2px 0.5em;
      TypeError: t is not a function (source: http://org.knime.ui.java/assets/index-Bnh0E6L6.js; line: 87)
2025-01-30 20:46:39,405 : ERROR : main :  : KnimeBrowserView :  :  : %cerror%c Unhandled rejection:: 
      background: #c0392b;
      border-radius: 0.5em;
      color: white;
      font-weight: bold;
      padding: 2px 0.5em;
      [object Object] (source: http://org.knime.ui.java/assets/index-Bnh0E6L6.js; line: 87)
2025-01-30 20:46:39,405 : ERROR : main :  : KnimeBrowserView :  :  : Uncaught (in promise) TypeError: Cannot read properties of undefined (reading 'name') (source: http://org.knime.ui.java/assets/index-Bnh0E6L6.js; line: 45)
2025-01-30 20:46:39,460 : ERROR : main :  : KnimeBrowserView :  :  : %cerror%c Could not set zoom level 
      background: #c0392b;
      border-radius: 0.5em;
      color: white;
      font-weight: bold;
      padding: 2px 0.5em;
      TypeError: t is not a function (source: http://org.knime.ui.java/assets/index-Bnh0E6L6.js; line: 87)
2025-01-30 20:46:39,460 : ERROR : main :  : KnimeBrowserView :  :  : %cerror%c Unhandled rejection:: 
      background: #c0392b;
      border-radius: 0.5em;
      color: white;
      font-weight: bold;
      padding: 2px 0.5em;
      [object Object] (source: http://org.knime.ui.java/assets/index-Bnh0E6L6.js; line: 87)
2025-01-30 20:46:39,460 : ERROR : main :  : KnimeBrowserView :  :  : Uncaught (in promise) TypeError: Cannot read properties of undefined (reading 'name') (source: http://org.knime.ui.java/assets/index-Bnh0E6L6.js; line: 45)
2025-01-30 20:46:39,556 : ERROR : main :  : KnimeBrowserView :  :  : %cerror%c Could not set zoom level 
      background: #c0392b;
      border-radius: 0.5em;
      color: white;
      font-weight: bold;
      padding: 2px 0.5em;
      TypeError: t is not a function (source: http://org.knime.ui.java/assets/index-Bnh0E6L6.js; line: 87)
2025-01-30 20:46:39,556 : ERROR : main :  : KnimeBrowserView :  :  : %cerror%c Unhandled rejection:: 
      background: #c0392b;
      border-radius: 0.5em;
      color: white;
      font-weight: bold;
      padding: 2px 0.5em;
      [object Object] (source: http://org.knime.ui.java/assets/index-Bnh0E6L6.js; line: 87)
2025-01-30 20:46:39,556 : ERROR : main :  : KnimeBrowserView :  :  : Uncaught (in promise) TypeError: Cannot read properties of undefined (reading 'name') (source: http://org.knime.ui.java/assets/index-Bnh0E6L6.js; line: 45)
2025-01-30 20:46:39,600 : ERROR : main :  : KnimeBrowserView :  :  : %cerror%c Could not set zoom level 
      background: #c0392b;
      border-radius: 0.5em;
      color: white;
      font-weight: bold;
      padding: 2px 0.5em;
      TypeError: t is not a function (source: http://org.knime.ui.java/assets/index-Bnh0E6L6.js; line: 87)
2025-01-30 20:46:39,600 : ERROR : main :  : KnimeBrowserView :  :  : %cerror%c Unhandled rejection:: 
      background: #c0392b;
      border-radius: 0.5em;
      color: white;
      font-weight: bold;
      padding: 2px 0.5em;
      [object Object] (source: http://org.knime.ui.java/assets/index-Bnh0E6L6.js; line: 87)
2025-01-30 20:46:39,600 : ERROR : main :  : KnimeBrowserView :  :  : Uncaught (in promise) TypeError: Cannot read properties of undefined (reading 'name') (source: http://org.knime.ui.java/assets/index-Bnh0E6L6.js; line: 45)
2025-01-30 20:53:18,149 : ERROR : Clear OSGi configuration :  : InvokeInstallSiteAction :  :  : Could not clean OSGi configuration area: C:\Users\IADB\AppData\Local\Programs\KNIME\configuration\org.eclipse.osgi\302\0\.cp\os\win32\x86_64\localfile_1_0_0.dll
2025-01-30 20:55:06,095 : WARN  : ForkJoinPool.commonPool-worker-1 :  : ProfilesSettingsPage :  :  : Could not check https://api.hub.knime.com/knime/rest for customization profiles because user is not logged in.
2025-01-30 21:05:22,361 : WARN  : Thread-6258 :  : CondaPackageCollectionUtil :  :  : Python package download was interrupted
java.lang.InterruptedException
	at org.knime.conda.envbundling.environment.CondaPackageCollectionUtil$PackageCollector.throwIfInterrupted(CondaPackageCollectionUtil.java:266)
	at org.knime.conda.envbundling.environment.CondaPackageCollectionUtil$PackageCollector.collect(CondaPackageCollectionUtil.java:133)
	at org.knime.conda.envbundling.environment.CondaPackageCollectionUtil.collectAndDownloadPackages(CondaPackageCollectionUtil.java:102)
	at org.knime.python3.nodes.preferences.PythonExtensionsPreferencePage.lambda$6(PythonExtensionsPreferencePage.java:183)
	at java.base/java.lang.Thread.run(Unknown Source)
2025-01-30 21:07:01,556 : WARN  : main :  : Node : Normalizer (PMML) : 3:5 : All numeric columns are used for normalization. Mode: Z-Score Normalization
2025-01-30 21:08:55,032 : WARN  : main :  : Node : Partitioning : 3:7 : No sampling method selected
2025-01-30 21:09:50,824 : WARN  : main :  : Node : Partitioning : 3:7 : No sampling method selected
2025-01-30 21:09:51,743 : WARN  : main :  : Node : Partitioning : 3:7 : No sampling method selected
2025-01-30 21:10:02,652 : WARN  : KNIME-Worker-5-Number to String (PMML) 3:6 :  : Node : Partitioning : 3:7 : No sampling method selected
2025-01-30 21:14:02,939 : WARN  : ModalContext :  : Node : MISSING Scorer (JavaScript) : 4:6 : Node can't be executed - Node "Scorer (JavaScript)" not available from extension "KNIME JavaScript Views (Labs)" (provided by "KNIME AG, Zurich, Switzerland"; plugin "org.knime.js.views.labs" is not installed)
2025-01-30 21:14:02,940 : WARN  : ModalContext :  : Node : MISSING Scorer (JavaScript) : 4:11 : Node can't be executed - Node "Scorer (JavaScript)" not available from extension "KNIME JavaScript Views (Labs)" (provided by "KNIME AG, Zurich, Switzerland"; plugin "org.knime.js.views.labs" is not installed)
2025-01-30 21:14:02,979 : ERROR : ModalContext :  : LoadWorkflowRunnable :  :  : Errors during load: Status: DataLoadError: K-NNClassifier 4 loaded with error during data load
2025-01-30 21:14:02,979 : ERROR : ModalContext :  : LoadWorkflowRunnable :  :  :   Status: DataLoadError: K-NNClassifier 4
2025-01-30 21:14:02,979 : ERROR : ModalContext :  : LoadWorkflowRunnable :  :  :     Status: Error: Node "Scorer (JavaScript)" not available from extension "KNIME JavaScript Views (Labs)" (provided by "KNIME AG, Zurich, Switzerland"; plugin "org.knime.js.views.labs" is not installed)
2025-01-30 21:14:02,979 : ERROR : ModalContext :  : LoadWorkflowRunnable :  :  :     Status: Error: Node "Scorer (JavaScript)" not available from extension "KNIME JavaScript Views (Labs)" (provided by "KNIME AG, Zurich, Switzerland"; plugin "org.knime.js.views.labs" is not installed)
2025-01-30 21:14:02,979 : ERROR : ModalContext :  : LoadWorkflowRunnable :  :  :     Status: DataLoadError: CSV Reader 4:1
2025-01-30 21:14:02,979 : ERROR : ModalContext :  : LoadWorkflowRunnable :  :  :       Status: DataLoadError: Unable to load port content for node "CSV Reader": No such data file: C:\Users\IADB\Documents\workspaceAI\CEIABD_MODULOS_IA\knime-workspace\K-NNClassifier\CSV Reader (#1)\port_1\data.xml
2025-01-30 21:14:02,979 : ERROR : ModalContext :  : LoadWorkflowRunnable :  :  :       Status: DataLoadError: State has changed from EXECUTED to CONFIGURED
2025-01-30 21:14:02,980 : ERROR : ModalContext :  : LoadWorkflowRunnable :  :  :     Status: DataLoadError: Column Renamer 4:4
2025-01-30 21:14:02,980 : ERROR : ModalContext :  : LoadWorkflowRunnable :  :  :       Status: DataLoadError: Unable to load port content for node "Column Renamer": No such data file: C:\Users\IADB\Documents\workspaceAI\CEIABD_MODULOS_IA\knime-workspace\K-NNClassifier\Column Renamer (#4)\port_1\data.xml
2025-01-30 21:14:02,980 : ERROR : ModalContext :  : LoadWorkflowRunnable :  :  :     Status: DataLoadError: Normalizer 4:5
2025-01-30 21:14:02,980 : ERROR : ModalContext :  : LoadWorkflowRunnable :  :  :       Status: DataLoadError: Unable to load port content for node "Normalizer": No such data file: C:\Users\IADB\Documents\workspaceAI\CEIABD_MODULOS_IA\knime-workspace\K-NNClassifier\Normalizer (#5)\port_1\data.xml
2025-01-30 21:14:02,980 : ERROR : ModalContext :  : LoadWorkflowRunnable :  :  :     Status: DataLoadError: Partitioning 4:7
2025-01-30 21:14:02,980 : ERROR : ModalContext :  : LoadWorkflowRunnable :  :  :       Status: DataLoadError: Unable to load port content for node "Partitioning": No such data file: C:\Users\IADB\Documents\workspaceAI\CEIABD_MODULOS_IA\knime-workspace\K-NNClassifier\Partitioning (#7)\port_1\data.xml
2025-01-30 21:14:02,980 : ERROR : ModalContext :  : LoadWorkflowRunnable :  :  :     Status: DataLoadError: Partitioning 4:3
2025-01-30 21:14:02,980 : ERROR : ModalContext :  : LoadWorkflowRunnable :  :  :       Status: DataLoadError: Unable to load port content for node "Partitioning": No such data file: C:\Users\IADB\Documents\workspaceAI\CEIABD_MODULOS_IA\knime-workspace\K-NNClassifier\Partitioning (#3)\port_1\data.xml
2025-01-30 21:14:02,980 : ERROR : ModalContext :  : LoadWorkflowRunnable :  :  :     Status: DataLoadError: Normalizer 4:8
2025-01-30 21:14:02,980 : ERROR : ModalContext :  : LoadWorkflowRunnable :  :  :       Status: DataLoadError: Unable to load port content for node "Normalizer": No such data file: C:\Users\IADB\Documents\workspaceAI\CEIABD_MODULOS_IA\knime-workspace\K-NNClassifier\Normalizer (#8)\port_1\data.xml
2025-01-30 21:14:02,980 : ERROR : ModalContext :  : LoadWorkflowRunnable :  :  :     Status: DataLoadError: K Nearest Neighbor 4:2
2025-01-30 21:14:02,980 : ERROR : ModalContext :  : LoadWorkflowRunnable :  :  :       Status: DataLoadError: Unable to load port content for node "K Nearest Neighbor": No such data file: C:\Users\IADB\Documents\workspaceAI\CEIABD_MODULOS_IA\knime-workspace\K-NNClassifier\K Nearest Neighbor (#2)\port_1\data.xml
2025-01-30 21:14:02,980 : ERROR : ModalContext :  : LoadWorkflowRunnable :  :  :     Status: DataLoadError: Normalizer (Apply) 4:9
2025-01-30 21:14:02,980 : ERROR : ModalContext :  : LoadWorkflowRunnable :  :  :       Status: DataLoadError: Unable to load port content for node "Normalizer (Apply)": No such data file: C:\Users\IADB\Documents\workspaceAI\CEIABD_MODULOS_IA\knime-workspace\K-NNClassifier\Normalizer _Apply_ (#9)\port_1\data.xml
2025-01-30 21:14:02,980 : ERROR : ModalContext :  : LoadWorkflowRunnable :  :  :     Status: DataLoadError: K Nearest Neighbor 4:10
2025-01-30 21:14:02,980 : ERROR : ModalContext :  : LoadWorkflowRunnable :  :  :       Status: DataLoadError: Unable to load port content for node "K Nearest Neighbor": No such data file: C:\Users\IADB\Documents\workspaceAI\CEIABD_MODULOS_IA\knime-workspace\K-NNClassifier\K Nearest Neighbor (#10)\port_1\data.xml
2025-01-30 21:14:02,981 : ERROR : ModalContext :  : LoadWorkflowRunnable :  :  :     Status: DataLoadError: MISSING Scorer (JavaScript) 4:6
2025-01-30 21:14:02,981 : ERROR : ModalContext :  : LoadWorkflowRunnable :  :  :       Status: DataLoadError: Unable to load port content for node "MISSING Scorer (JavaScript)": No such data file: C:\Users\IADB\Documents\workspaceAI\CEIABD_MODULOS_IA\knime-workspace\K-NNClassifier\Scorer _JavaScript_ (#6)\port_1\data.xml
2025-01-30 21:14:02,981 : ERROR : ModalContext :  : LoadWorkflowRunnable :  :  :       Status: DataLoadError: Unable to load internally held tables for node "MISSING Scorer (JavaScript)": Cannot read directory C:\Users\IADB\Documents\workspaceAI\CEIABD_MODULOS_IA\knime-workspace\K-NNClassifier\Scorer _JavaScript_ (#6)\internalTables\object_0
2025-01-30 21:14:02,981 : ERROR : ModalContext :  : LoadWorkflowRunnable :  :  :     Status: DataLoadError: MISSING Scorer (JavaScript) 4:11
2025-01-30 21:14:02,981 : ERROR : ModalContext :  : LoadWorkflowRunnable :  :  :       Status: DataLoadError: Unable to load port content for node "MISSING Scorer (JavaScript)": No such data file: C:\Users\IADB\Documents\workspaceAI\CEIABD_MODULOS_IA\knime-workspace\K-NNClassifier\Scorer _JavaScript_ (#11)\port_1\data.xml
2025-01-30 21:14:02,981 : ERROR : ModalContext :  : LoadWorkflowRunnable :  :  :       Status: DataLoadError: Unable to load internally held tables for node "MISSING Scorer (JavaScript)": Cannot read directory C:\Users\IADB\Documents\workspaceAI\CEIABD_MODULOS_IA\knime-workspace\K-NNClassifier\Scorer _JavaScript_ (#11)\internalTables\object_0
2025-01-30 21:14:02,981 : ERROR : ModalContext :  : LoadWorkflowRunnable :  :  :     Status: DataLoadError: State has changed from EXECUTED to IDLE
2025-01-30 21:14:17,560 : ERROR : Provisioning Event Dispatcher :  : PythonGatewayTracker :  :  : Found running Python processes. Aborting them to allow installation process. If this leads to failures in node execution, please restart those nodes once the installation has finished
2025-01-30 21:14:37,856 : WARN  : ModalContext :  : Node : Scorer (JavaScript) : 3:6 : Node can't be executed - Node "Scorer (JavaScript)" not available from extension "KNIME JavaScript Views (Labs)" (provided by "KNIME AG, Zurich, Switzerland"; plugin "org.knime.js.views.labs" is not installed)
2025-01-30 21:14:37,860 : WARN  : ModalContext :  : Node : Scorer (JavaScript) : 3:6 : The columns selected don't contain any values.
2025-01-30 21:14:37,860 : WARN  : ModalContext :  : Node : Scorer (JavaScript) : 3:11 : Node can't be executed - Node "Scorer (JavaScript)" not available from extension "KNIME JavaScript Views (Labs)" (provided by "KNIME AG, Zurich, Switzerland"; plugin "org.knime.js.views.labs" is not installed)
2025-01-30 21:14:37,861 : WARN  : ModalContext :  : Node : Scorer (JavaScript) : 3:11 : The columns selected don't contain any values.
2025-01-30 21:15:00,406 : WARN  : main :  : Node : Scorer (JavaScript) : 3:6 : The columns selected don't contain any values.
2025-01-30 21:15:00,406 : WARN  : main :  : Node : Scorer (JavaScript) : 3:11 : The columns selected don't contain any values.
2025-01-30 21:15:00,895 : WARN  : main :  : Node : Scorer (JavaScript) : 3:6 : The columns selected don't contain any values.
2025-01-30 21:15:00,895 : WARN  : main :  : Node : Scorer (JavaScript) : 3:11 : The columns selected don't contain any values.
2025-01-30 21:15:49,139 : WARN  : ModalContext :  : Node : Partitioning : 4:7 : No sampling method selected
2025-01-30 21:15:49,139 : WARN  : ModalContext :  : Node : Partitioning : 4:7 : No sampling method selected
2025-01-30 21:16:49,592 : WARN  : ModalContext :  : Node : Numeric Scorer : 3:75 : Can't calculate Mean Absolute Percentage error: target value is 0! Row42918
2025-01-30 21:16:53,169 : ERROR : KNIME-Worker-2-CSV Reader 3:47 :  : Node : CSV Reader : 3:47 : Execute failed: The specified file ../../datasets/bostonDataset.csv does not exist.
org.knime.core.node.InvalidSettingsException: The specified file ../../datasets/bostonDataset.csv does not exist.
	at org.knime.core.node.util.CheckUtils.checkSetting(CheckUtils.java:273)
	at org.knime.core.node.util.CheckUtils.checkSetting(CheckUtils.java:223)
	at org.knime.filehandling.core.defaultnodesettings.filechooser.AbstractFileChooserPathAccessor.getRootPath(AbstractFileChooserPathAccessor.java:318)
	at org.knime.filehandling.core.defaultnodesettings.filechooser.AbstractFileChooserPathAccessor.getFSPaths(AbstractFileChooserPathAccessor.java:225)
	at org.knime.filehandling.core.node.table.reader.paths.PathSettings$1.getItems(PathSettings.java:105)
	at org.knime.filehandling.core.node.table.reader.TableReaderNodeModel.getPaths(TableReaderNodeModel.java:195)
	at org.knime.filehandling.core.node.table.reader.TableReaderNodeModel.execute(TableReaderNodeModel.java:158)
	at org.knime.core.node.NodeModel.executeModel(NodeModel.java:596)
	at org.knime.core.node.Node.invokeFullyNodeModelExecute(Node.java:1284)
	at org.knime.core.node.Node.execute(Node.java:1049)
	at org.knime.core.node.workflow.NativeNodeContainer.performExecuteNode(NativeNodeContainer.java:603)
	at org.knime.core.node.exec.LocalNodeExecutionJob.mainExecute(LocalNodeExecutionJob.java:98)
	at org.knime.core.node.workflow.NodeExecutionJob.internalRun(NodeExecutionJob.java:198)
	at org.knime.core.node.workflow.NodeExecutionJob.run(NodeExecutionJob.java:117)
	at org.knime.core.util.ThreadUtils$RunnableWithContextImpl.runWithContext(ThreadUtils.java:369)
	at org.knime.core.util.ThreadUtils$RunnableWithContext.run(ThreadUtils.java:223)
	at java.base/java.util.concurrent.Executors$RunnableAdapter.call(Unknown Source)
	at java.base/java.util.concurrent.FutureTask.run(Unknown Source)
	at org.knime.core.util.ThreadPool$MyFuture.run(ThreadPool.java:123)
	at org.knime.core.util.ThreadPool$Worker.run(ThreadPool.java:246)
2025-01-30 21:16:53,169 : ERROR : KNIME-Worker-3-CSV Reader 3:64 :  : Node : CSV Reader : 3:64 : Execute failed: The specified file ../../datasets/Weather.csv does not exist.
org.knime.core.node.InvalidSettingsException: The specified file ../../datasets/Weather.csv does not exist.
	at org.knime.core.node.util.CheckUtils.checkSetting(CheckUtils.java:273)
	at org.knime.core.node.util.CheckUtils.checkSetting(CheckUtils.java:223)
	at org.knime.filehandling.core.defaultnodesettings.filechooser.AbstractFileChooserPathAccessor.getRootPath(AbstractFileChooserPathAccessor.java:318)
	at org.knime.filehandling.core.defaultnodesettings.filechooser.AbstractFileChooserPathAccessor.getFSPaths(AbstractFileChooserPathAccessor.java:225)
	at org.knime.filehandling.core.node.table.reader.paths.PathSettings$1.getItems(PathSettings.java:105)
	at org.knime.filehandling.core.node.table.reader.TableReaderNodeModel.getPaths(TableReaderNodeModel.java:195)
	at org.knime.filehandling.core.node.table.reader.TableReaderNodeModel.execute(TableReaderNodeModel.java:158)
	at org.knime.core.node.NodeModel.executeModel(NodeModel.java:596)
	at org.knime.core.node.Node.invokeFullyNodeModelExecute(Node.java:1284)
	at org.knime.core.node.Node.execute(Node.java:1049)
	at org.knime.core.node.workflow.NativeNodeContainer.performExecuteNode(NativeNodeContainer.java:603)
	at org.knime.core.node.exec.LocalNodeExecutionJob.mainExecute(LocalNodeExecutionJob.java:98)
	at org.knime.core.node.workflow.NodeExecutionJob.internalRun(NodeExecutionJob.java:198)
	at org.knime.core.node.workflow.NodeExecutionJob.run(NodeExecutionJob.java:117)
	at org.knime.core.util.ThreadUtils$RunnableWithContextImpl.runWithContext(ThreadUtils.java:369)
	at org.knime.core.util.ThreadUtils$RunnableWithContext.run(ThreadUtils.java:223)
	at java.base/java.util.concurrent.Executors$RunnableAdapter.call(Unknown Source)
	at java.base/java.util.concurrent.FutureTask.run(Unknown Source)
	at org.knime.core.util.ThreadPool$MyFuture.run(ThreadPool.java:123)
	at org.knime.core.util.ThreadPool$Worker.run(ThreadPool.java:246)
2025-01-30 21:17:26,143 : ERROR : KNIME-Worker-0-CSV Reader 3:64 :  : Node : CSV Reader : 3:64 : Execute failed: The specified file ../../datasets/Weather.csv does not exist.
org.knime.core.node.InvalidSettingsException: The specified file ../../datasets/Weather.csv does not exist.
	at org.knime.core.node.util.CheckUtils.checkSetting(CheckUtils.java:273)
	at org.knime.core.node.util.CheckUtils.checkSetting(CheckUtils.java:223)
	at org.knime.filehandling.core.defaultnodesettings.filechooser.AbstractFileChooserPathAccessor.getRootPath(AbstractFileChooserPathAccessor.java:318)
	at org.knime.filehandling.core.defaultnodesettings.filechooser.AbstractFileChooserPathAccessor.getFSPaths(AbstractFileChooserPathAccessor.java:225)
	at org.knime.filehandling.core.node.table.reader.paths.PathSettings$1.getItems(PathSettings.java:105)
	at org.knime.filehandling.core.node.table.reader.TableReaderNodeModel.getPaths(TableReaderNodeModel.java:195)
	at org.knime.filehandling.core.node.table.reader.TableReaderNodeModel.execute(TableReaderNodeModel.java:158)
	at org.knime.core.node.NodeModel.executeModel(NodeModel.java:596)
	at org.knime.core.node.Node.invokeFullyNodeModelExecute(Node.java:1284)
	at org.knime.core.node.Node.execute(Node.java:1049)
	at org.knime.core.node.workflow.NativeNodeContainer.performExecuteNode(NativeNodeContainer.java:603)
	at org.knime.core.node.exec.LocalNodeExecutionJob.mainExecute(LocalNodeExecutionJob.java:98)
	at org.knime.core.node.workflow.NodeExecutionJob.internalRun(NodeExecutionJob.java:198)
	at org.knime.core.node.workflow.NodeExecutionJob.run(NodeExecutionJob.java:117)
	at org.knime.core.util.ThreadUtils$RunnableWithContextImpl.runWithContext(ThreadUtils.java:369)
	at org.knime.core.util.ThreadUtils$RunnableWithContext.run(ThreadUtils.java:223)
	at java.base/java.util.concurrent.Executors$RunnableAdapter.call(Unknown Source)
	at java.base/java.util.concurrent.FutureTask.run(Unknown Source)
	at org.knime.core.util.ThreadPool$MyFuture.run(ThreadPool.java:123)
	at org.knime.core.util.ThreadPool$Worker.run(ThreadPool.java:246)
2025-01-30 21:18:02,545 : WARN  : KNIME-Worker-17-Numeric Scorer 3:75 :  : Node : Numeric Scorer : 3:75 : Can't calculate Mean Absolute Percentage error: target value is 0! Row42909
2025-01-30 21:20:23,238 : WARN  : ModalContext :  : Node : Naive Bayes Learner : 3:2 : The following attributes are skipped: ingresos/Too many values, ahorros/Too many values, financiar/Too many values
2025-01-30 21:20:23,246 : WARN  : ModalContext :  : Node : Scorer (JavaScript) : 3:17 : The columns selected don't contain any values.
2025-01-30 21:20:42,579 : WARN  : main :  : Node : Scorer (JavaScript) : 3:17 : The columns selected don't contain any values.
2025-01-30 21:20:43,082 : WARN  : main :  : Node : Scorer (JavaScript) : 3:17 : The columns selected don't contain any values.
2025-01-30 21:20:45,241 : WARN  : KNIME-Worker-9-Number to String 3:8 :  : Node : Scorer (JavaScript) : 3:17 : The columns selected don't contain any values.
2025-01-30 21:20:45,245 : WARN  : KNIME-Worker-8-Partitioning 3:4 :  : Node : Scorer (JavaScript) : 3:17 : The columns selected don't contain any values.
2025-01-30 21:20:45,248 : WARN  : KNIME-Worker-19-Naive Bayes Learner 3:2 :  : Node : Naive Bayes Learner : 3:2 : The following attributes are skipped: ingresos/Too many values, ahorros/Too many values, financiar/Too many values
2025-01-31 18:36:37,931 : WARN  : main :  : Node : Scorer (JavaScript) : 3:6 : The columns selected don't contain any values.
2025-01-31 18:36:37,938 : WARN  : main :  : Node : Scorer (JavaScript) : 3:11 : The columns selected don't contain any values.
2025-01-31 18:36:39,474 : WARN  : main :  : Node : Scorer (JavaScript) : 3:6 : The columns selected don't contain any values.
2025-01-31 18:36:39,474 : WARN  : main :  : Node : Scorer (JavaScript) : 3:11 : The columns selected don't contain any values.
